<?xml version="1.0" encoding="UTF-8"?>
<testsuite xmlns:xsi="http://www.w3.org/2001/XMLSchema-instance" xsi:noNamespaceSchemaLocation="https://maven.apache.org/surefire/maven-surefire-plugin/xsd/surefire-test-report-3.0.xsd" version="3.0" name="com.haykz.orderservice.OrderServiceApplicationTests" time="2.396" tests="1" errors="0" skipped="0" failures="0">
  <properties>
[...]
</properties>
  <testcase name="contextLoads" classname="com.haykz.orderservice.OrderServiceApplicationTests" time="0.286">
    <system-out><![CDATA[15:57:57.864 [main] INFO org.springframework.test.context.support.AnnotationConfigContextLoaderUtils -- Could not detect default configuration classes for test class [com.haykz.orderservice.OrderServiceApplicationTests]: OrderServiceApplicationTests does not declare any static, non-private, non-final, nested classes annotated with @Configuration.
15:57:57.899 [main] INFO org.springframework.boot.test.context.SpringBootTestContextBootstrapper -- Found @SpringBootConfiguration com.haykz.orderservice.OrderServiceApplication for test class com.haykz.orderservice.OrderServiceApplicationTests

  .   ____          _            __ _ _
 /\\ / ___'_ __ _ _(_)_ __  __ _ \ \ \ \
( ( )\___ | '_ | '_| | '_ \/ _` | \ \ \ \
 \\/  ___)| |_)| | | | | || (_| |  ) ) ) )
  '  |____| .__|_| |_|_| |_\__, | / / / /
 =========|_|==============|___/=/_/_/_/
 :: Spring Boot ::                (v3.1.2)

2023-08-13T15:57:58.038+04:00  INFO 35878 --- [           main] c.h.o.OrderServiceApplicationTests       : Starting OrderServiceApplicationTests using Java 20.0.1 with PID 35878 (started by zakaryanhayk in /Users/zakaryanhayk/Documents/Project/Microservices-new/order_service)
2023-08-13T15:57:58.039+04:00  INFO 35878 --- [           main] c.h.o.OrderServiceApplicationTests       : No active profile set, falling back to 1 default profile: "default"
2023-08-13T15:57:58.381+04:00  INFO 35878 --- [           main] .s.d.r.c.RepositoryConfigurationDelegate : Bootstrapping Spring Data JPA repositories in DEFAULT mode.
2023-08-13T15:57:58.441+04:00  INFO 35878 --- [           main] .s.d.r.c.RepositoryConfigurationDelegate : Finished Spring Data repository scanning in 57 ms. Found 1 JPA repository interfaces.
2023-08-13T15:57:58.652+04:00  INFO 35878 --- [           main] o.hibernate.jpa.internal.util.LogHelper  : HHH000204: Processing PersistenceUnitInfo [name: default]
2023-08-13T15:57:58.669+04:00  INFO 35878 --- [           main] org.hibernate.Version                    : HHH000412: Hibernate ORM core version 6.2.6.Final
2023-08-13T15:57:58.670+04:00  INFO 35878 --- [           main] org.hibernate.cfg.Environment            : HHH000406: Using bytecode reflection optimizer
2023-08-13T15:57:58.720+04:00  INFO 35878 --- [           main] o.h.b.i.BytecodeProviderInitiator        : HHH000021: Bytecode provider name : bytebuddy
2023-08-13T15:57:58.776+04:00  INFO 35878 --- [           main] o.s.o.j.p.SpringPersistenceUnitInfo      : No LoadTimeWeaver setup: ignoring JPA class transformer
2023-08-13T15:57:58.783+04:00  INFO 35878 --- [           main] com.zaxxer.hikari.HikariDataSource       : HikariPool-1 - Starting...
2023-08-13T15:57:58.997+04:00  INFO 35878 --- [           main] com.zaxxer.hikari.pool.HikariPool        : HikariPool-1 - Added connection com.mysql.cj.jdbc.ConnectionImpl@9880a15
2023-08-13T15:57:58.998+04:00  INFO 35878 --- [           main] com.zaxxer.hikari.HikariDataSource       : HikariPool-1 - Start completed.
2023-08-13T15:57:59.104+04:00  INFO 35878 --- [           main] o.h.b.i.BytecodeProviderInitiator        : HHH000021: Bytecode provider name : bytebuddy
2023-08-13T15:57:59.355+04:00  INFO 35878 --- [           main] o.h.e.t.j.p.i.JtaPlatformInitiator       : HHH000490: Using JtaPlatform implementation: [org.hibernate.engine.transaction.jta.platform.internal.NoJtaPlatform]
2023-08-13T15:57:59.402+04:00  INFO 35878 --- [           main] j.LocalContainerEntityManagerFactoryBean : Initialized JPA EntityManagerFactory for persistence unit 'default'
2023-08-13T15:57:59.596+04:00  WARN 35878 --- [           main] JpaBaseConfiguration$JpaWebConfiguration : spring.jpa.open-in-view is enabled by default. Therefore, database queries may be performed during view rendering. Explicitly configure spring.jpa.open-in-view to disable this warning
2023-08-13T15:57:59.849+04:00  INFO 35878 --- [           main] o.s.b.a.e.web.EndpointLinksResolver      : Exposing 1 endpoint(s) beneath base path '/actuator'
2023-08-13T15:57:59.894+04:00  INFO 35878 --- [           main] c.h.o.OrderServiceApplicationTests       : Started OrderServiceApplicationTests in 1.941 seconds (process running for 2.306)
]]></system-out>
  </testcase>
</testsuite>